2024-05-07,11:02:49 | INFO | Added key: store_based_barrier_key:1 to store for rank: 0
2024-05-07,11:02:49 | INFO | Rank 0: Completed store-based barrier for key:store_based_barrier_key:1 with 2 nodes.
2024-05-07,11:02:49 | INFO | Running in distributed mode with multiple processes. Device: cuda:0.Process (global: 0, local 0), total 2.
2024-05-07,11:02:49 | INFO | Loaded RN50 model config.
2024-05-07,11:02:52 | INFO | Loaded RN50 model config.
2024-05-07,11:02:54 | INFO | Teacher Visual Params:
2024-05-07,11:02:54 | INFO | 38.316896M
2024-05-07,11:02:54 | INFO | Teacher Text Params:
2024-05-07,11:02:54 | INFO | 37.828608M
2024-05-07,11:02:54 | INFO | Student Visual Params:
2024-05-07,11:02:54 | INFO | 38.316896M
2024-05-07,11:02:54 | INFO | Student Text Params:
2024-05-07,11:02:54 | INFO | 37.828608M
2024-05-07,11:02:54 | INFO |   alpha_afd_loss: 0.0
2024-05-07,11:02:54 | INFO |   alpha_ckd_loss: 0.0
2024-05-07,11:02:54 | INFO |   alpha_cross_kd_loss: 0.0
2024-05-07,11:02:54 | INFO |   alpha_fd_loss: 0.0
2024-05-07,11:02:54 | INFO |   alpha_gd_loss: 0.0
2024-05-07,11:02:54 | INFO |   alpha_icl_loss: 0.0
2024-05-07,11:02:54 | INFO |   batch_size: 64
2024-05-07,11:02:54 | INFO |   beta1: 0.9
2024-05-07,11:02:54 | INFO |   beta2: 0.999
2024-05-07,11:02:54 | INFO |   checkpoint_path: ./logs/2024_05_07-11_02_49-t_model_RN50-s_model_RN50-lr_0.0005-b_64-tag_grad/checkpoints
2024-05-07,11:02:54 | INFO |   copy_codebase: False
2024-05-07,11:02:54 | INFO |   csv_caption_key: title
2024-05-07,11:02:54 | INFO |   csv_img_key: filepath
2024-05-07,11:02:54 | INFO |   csv_separator: 	
2024-05-07,11:02:54 | INFO |   data_root: /home/alex/data/LightClip/datasets/cc3m/images/
2024-05-07,11:02:54 | INFO |   dataset_resampled: False
2024-05-07,11:02:54 | INFO |   dataset_type: csv
2024-05-07,11:02:54 | INFO |   ddp_static_graph: False
2024-05-07,11:02:54 | INFO |   debug: False
2024-05-07,11:02:54 | INFO |   device: cuda:0
2024-05-07,11:02:54 | INFO |   dist_backend: nccl
2024-05-07,11:02:54 | INFO |   dist_url: env://
2024-05-07,11:02:54 | INFO |   distributed: True
2024-05-07,11:02:54 | INFO |   epochs: 32
2024-05-07,11:02:54 | INFO |   eps: 1e-08
2024-05-07,11:02:54 | INFO |   eval: False
2024-05-07,11:02:54 | INFO |   force_custom_text: False
2024-05-07,11:02:54 | INFO |   force_quick_gelu: False
2024-05-07,11:02:54 | INFO |   gather_with_grad: False
2024-05-07,11:02:54 | INFO |   grad_checkpointing: False
2024-05-07,11:02:54 | INFO |   grad_clip_norm: None
2024-05-07,11:02:54 | INFO |   horovod: False
2024-05-07,11:02:54 | INFO |   image_mean: None
2024-05-07,11:02:54 | INFO |   image_std: None
2024-05-07,11:02:54 | INFO |   imagenet_a: None
2024-05-07,11:02:54 | INFO |   imagenet_r: None
2024-05-07,11:02:54 | INFO |   imagenet_sketch: None
2024-05-07,11:02:54 | INFO |   imagenet_v2: None
2024-05-07,11:02:54 | INFO |   imagenet_val: None
2024-05-07,11:02:54 | INFO |   local_loss: False
2024-05-07,11:02:54 | INFO |   local_rank: 0
2024-05-07,11:02:54 | INFO |   lock_image: False
2024-05-07,11:02:54 | INFO |   lock_image_freeze_bn_stats: False
2024-05-07,11:02:54 | INFO |   lock_image_unlocked_groups: 0
2024-05-07,11:02:54 | INFO |   lock_text: False
2024-05-07,11:02:54 | INFO |   lock_text_freeze_layer_norm: False
2024-05-07,11:02:54 | INFO |   lock_text_unlocked_layers: 0
2024-05-07,11:02:54 | INFO |   log_level: 20
2024-05-07,11:02:54 | INFO |   log_local: False
2024-05-07,11:02:54 | INFO |   log_path: ./logs/2024_05_07-11_02_49-t_model_RN50-s_model_RN50-lr_0.0005-b_64-tag_grad/out.log
2024-05-07,11:02:54 | INFO |   logs: ./logs/
2024-05-07,11:02:54 | INFO |   lr: 0.0005
2024-05-07,11:02:54 | INFO |   mask_ratio: 0.0
2024-05-07,11:02:54 | INFO |   model: RN50
2024-05-07,11:02:54 | INFO |   model_checkpoint: 
2024-05-07,11:02:54 | INFO |   name: 2024_05_07-11_02_49-t_model_RN50-s_model_RN50-lr_0.0005-b_64-tag_grad
2024-05-07,11:02:54 | INFO |   no_set_device_rank: False
2024-05-07,11:02:54 | INFO |   num_per_class: 1
2024-05-07,11:02:54 | INFO |   precision: amp
2024-05-07,11:02:54 | INFO |   pretrained: 
2024-05-07,11:02:54 | INFO |   pretrained_image: False
2024-05-07,11:02:54 | INFO |   rank: 0
2024-05-07,11:02:54 | INFO |   report_to: tensorboard
2024-05-07,11:02:54 | INFO |   resume: None
2024-05-07,11:02:54 | INFO |   s_embed_dim: 1024
2024-05-07,11:02:54 | INFO |   save_frequency: 1
2024-05-07,11:02:54 | INFO |   save_most_recent: False
2024-05-07,11:02:54 | INFO |   seed: 0
2024-05-07,11:02:54 | INFO |   skip_scheduler: False
2024-05-07,11:02:54 | INFO |   sup_batch_size: 64
2024-05-07,11:02:54 | INFO |   t_embed_dim: 1024
2024-05-07,11:02:54 | INFO |   t_eval: False
2024-05-07,11:02:54 | INFO |   t_model: RN50
2024-05-07,11:02:54 | INFO |   t_model_checkpoint: RN50
2024-05-07,11:02:54 | INFO |   tag: grad
2024-05-07,11:02:54 | INFO |   tensorboard: True
2024-05-07,11:02:54 | INFO |   tensorboard_path: ./logs/2024_05_07-11_02_49-t_model_RN50-s_model_RN50-lr_0.0005-b_64-tag_grad/tensorboard
2024-05-07,11:02:54 | INFO |   torchscript: False
2024-05-07,11:02:54 | INFO |   trace: False
2024-05-07,11:02:54 | INFO |   train_data: /home/alex/data/LightClip/datasets/cc3m/cc3m/Train_GCC-training.csv
2024-05-07,11:02:54 | INFO |   train_num_samples: None
2024-05-07,11:02:54 | INFO |   use_bn_sync: False
2024-05-07,11:02:54 | INFO |   val_data: /home/alex/data/LightClip/datasets/cc3m/cc3m/Validation_GCC-1.1.0-Validation.csv
2024-05-07,11:02:54 | INFO |   val_data_root: /home/alex/data/LightClip/datasets/cc3m/images/val/
2024-05-07,11:02:54 | INFO |   val_dataset_type: csv
2024-05-07,11:02:54 | INFO |   val_frequency: 1
2024-05-07,11:02:54 | INFO |   val_num_samples: None
2024-05-07,11:02:54 | INFO |   vl_batch_size: 64
2024-05-07,11:02:54 | INFO |   wandb: False
2024-05-07,11:02:54 | INFO |   wandb_notes: 
2024-05-07,11:02:54 | INFO |   warmup: 10000
2024-05-07,11:02:54 | INFO |   wd: 0.2
2024-05-07,11:02:54 | INFO |   workers: 1
2024-05-07,11:02:54 | INFO |   world_size: 2
2024-05-07,11:02:54 | INFO |   zeroshot_frequency: 1
